<?xml version="1.0" encoding="UTF-8"?>
<testsuite name="com.education.springboot.HelloControllerTest" tests="2" skipped="0" failures="0" errors="0" timestamp="2022-08-06T10:36:10" hostname="sinjemin-ui-MacBookAir.local" time="0.113">
  <properties/>
  <testcase name="hello가_리턴된다" classname="com.education.springboot.HelloControllerTest" time="0.083"/>
  <testcase name="helloDto가_리턴된다" classname="com.education.springboot.HelloControllerTest" time="0.03"/>
  <system-out><![CDATA[19:36:08.975 [Test worker] DEBUG org.springframework.test.context.junit4.SpringJUnit4ClassRunner - SpringJUnit4ClassRunner constructor called with [class com.education.springboot.HelloControllerTest]
19:36:08.977 [Test worker] DEBUG org.springframework.test.context.BootstrapUtils - Instantiating CacheAwareContextLoaderDelegate from class [org.springframework.test.context.cache.DefaultCacheAwareContextLoaderDelegate]
19:36:08.980 [Test worker] DEBUG org.springframework.test.context.BootstrapUtils - Instantiating BootstrapContext using constructor [public org.springframework.test.context.support.DefaultBootstrapContext(java.lang.Class,org.springframework.test.context.CacheAwareContextLoaderDelegate)]
19:36:08.987 [Test worker] DEBUG org.springframework.test.context.BootstrapUtils - Instantiating TestContextBootstrapper for test class [com.education.springboot.HelloControllerTest] from class [org.springframework.boot.test.autoconfigure.web.servlet.WebMvcTestContextBootstrapper]
19:36:08.993 [Test worker] INFO org.springframework.boot.test.autoconfigure.web.servlet.WebMvcTestContextBootstrapper - Neither @ContextConfiguration nor @ContextHierarchy found for test class [com.education.springboot.HelloControllerTest], using SpringBootContextLoader
19:36:08.995 [Test worker] DEBUG org.springframework.test.context.support.AbstractContextLoader - Did not detect default resource location for test class [com.education.springboot.HelloControllerTest]: class path resource [com/education/springboot/HelloControllerTest-context.xml] does not exist
19:36:08.995 [Test worker] DEBUG org.springframework.test.context.support.AbstractContextLoader - Did not detect default resource location for test class [com.education.springboot.HelloControllerTest]: class path resource [com/education/springboot/HelloControllerTestContext.groovy] does not exist
19:36:08.995 [Test worker] INFO org.springframework.test.context.support.AbstractContextLoader - Could not detect default resource locations for test class [com.education.springboot.HelloControllerTest]: no resource found for suffixes {-context.xml, Context.groovy}.
19:36:08.995 [Test worker] INFO org.springframework.test.context.support.AnnotationConfigContextLoaderUtils - Could not detect default configuration classes for test class [com.education.springboot.HelloControllerTest]: HelloControllerTest does not declare any static, non-private, non-final, nested classes annotated with @Configuration.
19:36:09.020 [Test worker] DEBUG org.springframework.test.context.support.ActiveProfilesUtils - Could not find an 'annotation declaring class' for annotation type [org.springframework.test.context.ActiveProfiles] and class [com.education.springboot.HelloControllerTest]
19:36:09.041 [Test worker] DEBUG org.springframework.context.annotation.ClassPathScanningCandidateComponentProvider - Identified candidate component class: file [/Users/sinjemin/Documents/GitHub/springboot-webservice-study/build/classes/java/main/com/education/springboot/Application.class]
19:36:09.042 [Test worker] INFO org.springframework.boot.test.context.SpringBootTestContextBootstrapper - Found @SpringBootConfiguration com.education.springboot.Application for test class com.education.springboot.HelloControllerTest
19:36:09.042 [Test worker] DEBUG org.springframework.boot.test.autoconfigure.web.servlet.WebMvcTestContextBootstrapper - @TestExecutionListeners is not present for class [com.education.springboot.HelloControllerTest]: using defaults.
19:36:09.042 [Test worker] INFO org.springframework.boot.test.autoconfigure.web.servlet.WebMvcTestContextBootstrapper - Loaded default TestExecutionListener class names from location [META-INF/spring.factories]: [org.springframework.security.test.context.support.WithSecurityContextTestExecutionListener, org.springframework.security.test.context.support.ReactorContextTestExecutionListener, org.springframework.boot.test.autoconfigure.restdocs.RestDocsTestExecutionListener, org.springframework.boot.test.autoconfigure.web.client.MockRestServiceServerResetTestExecutionListener, org.springframework.boot.test.autoconfigure.web.servlet.MockMvcPrintOnlyOnFailureTestExecutionListener, org.springframework.boot.test.autoconfigure.web.servlet.WebDriverTestExecutionListener, org.springframework.boot.test.mock.mockito.MockitoTestExecutionListener, org.springframework.boot.test.mock.mockito.ResetMocksTestExecutionListener, org.springframework.test.context.web.ServletTestExecutionListener, org.springframework.test.context.support.DirtiesContextBeforeModesTestExecutionListener, org.springframework.test.context.support.DependencyInjectionTestExecutionListener, org.springframework.test.context.support.DirtiesContextTestExecutionListener, org.springframework.test.context.transaction.TransactionalTestExecutionListener, org.springframework.test.context.jdbc.SqlScriptsTestExecutionListener]
19:36:09.049 [Test worker] INFO org.springframework.boot.test.autoconfigure.web.servlet.WebMvcTestContextBootstrapper - Using TestExecutionListeners: [org.springframework.test.context.web.ServletTestExecutionListener@48c45650, org.springframework.test.context.support.DirtiesContextBeforeModesTestExecutionListener@2a21b0b4, org.springframework.boot.test.mock.mockito.MockitoTestExecutionListener@6cf1c4df, org.springframework.boot.test.autoconfigure.SpringBootDependencyInjectionTestExecutionListener@47e7ea92, org.springframework.test.context.support.DirtiesContextTestExecutionListener@2dfb42e8, org.springframework.test.context.transaction.TransactionalTestExecutionListener@af8f3f3, org.springframework.test.context.jdbc.SqlScriptsTestExecutionListener@68cd094f, org.springframework.security.test.context.support.WithSecurityContextTestExecutionListener@1006cdbe, org.springframework.security.test.context.support.ReactorContextTestExecutionListener@671d2154, org.springframework.boot.test.autoconfigure.restdocs.RestDocsTestExecutionListener@2a37312f, org.springframework.boot.test.autoconfigure.web.client.MockRestServiceServerResetTestExecutionListener@2ab0d257, org.springframework.boot.test.autoconfigure.web.servlet.MockMvcPrintOnlyOnFailureTestExecutionListener@cfd9182, org.springframework.boot.test.autoconfigure.web.servlet.WebDriverTestExecutionListener@2e416c8, org.springframework.boot.test.mock.mockito.ResetMocksTestExecutionListener@1149f1f2]
19:36:09.050 [Test worker] DEBUG org.springframework.test.annotation.ProfileValueUtils - Retrieved @ProfileValueSourceConfiguration [null] for test class [com.education.springboot.HelloControllerTest]
19:36:09.050 [Test worker] DEBUG org.springframework.test.annotation.ProfileValueUtils - Retrieved ProfileValueSource type [class org.springframework.test.annotation.SystemProfileValueSource] for class [com.education.springboot.HelloControllerTest]
19:36:09.050 [Test worker] DEBUG org.springframework.test.annotation.ProfileValueUtils - Retrieved @ProfileValueSourceConfiguration [null] for test class [com.education.springboot.HelloControllerTest]
19:36:09.050 [Test worker] DEBUG org.springframework.test.annotation.ProfileValueUtils - Retrieved ProfileValueSource type [class org.springframework.test.annotation.SystemProfileValueSource] for class [com.education.springboot.HelloControllerTest]
19:36:09.052 [Test worker] DEBUG org.springframework.test.context.support.AbstractDirtiesContextTestExecutionListener - Before test class: context [DefaultTestContext@c37d8ef testClass = HelloControllerTest, testInstance = [null], testMethod = [null], testException = [null], mergedContextConfiguration = [WebMergedContextConfiguration@4df9a48c testClass = HelloControllerTest, locations = '{}', classes = '{class com.education.springboot.Application}', contextInitializerClasses = '[]', activeProfiles = '{}', propertySourceLocations = '{}', propertySourceProperties = '{org.springframework.boot.test.autoconfigure.web.servlet.WebMvcTestContextBootstrapper=true}', contextCustomizers = set[org.springframework.boot.test.autoconfigure.OverrideAutoConfigurationContextCustomizerFactory$DisableAutoConfigurationContextCustomizer@37a8616d, org.springframework.boot.test.autoconfigure.filter.TypeExcludeFiltersContextCustomizer@b07c0421, org.springframework.boot.test.autoconfigure.properties.PropertyMappingContextCustomizer@d680f652, org.springframework.boot.test.autoconfigure.web.servlet.WebDriverContextCustomizerFactory$Customizer@5bbdd581, [ImportsContextCustomizer@1093d9ba key = [org.springframework.boot.autoconfigure.cache.CacheAutoConfiguration, org.springframework.boot.autoconfigure.context.MessageSourceAutoConfiguration, org.springframework.boot.autoconfigure.data.web.SpringDataWebAutoConfiguration, org.springframework.boot.autoconfigure.freemarker.FreeMarkerAutoConfiguration, org.springframework.boot.autoconfigure.groovy.template.GroovyTemplateAutoConfiguration, org.springframework.boot.autoconfigure.gson.GsonAutoConfiguration, org.springframework.boot.autoconfigure.hateoas.HypermediaAutoConfiguration, org.springframework.boot.autoconfigure.http.HttpMessageConvertersAutoConfiguration, org.springframework.boot.autoconfigure.jackson.JacksonAutoConfiguration, org.springframework.boot.autoconfigure.jsonb.JsonbAutoConfiguration, org.springframework.boot.autoconfigure.mustache.MustacheAutoConfiguration, org.springframework.boot.autoconfigure.task.TaskExecutionAutoConfiguration, org.springframework.boot.autoconfigure.thymeleaf.ThymeleafAutoConfiguration, org.springframework.boot.autoconfigure.validation.ValidationAutoConfiguration, org.springframework.boot.autoconfigure.web.servlet.error.ErrorMvcAutoConfiguration, org.springframework.boot.autoconfigure.web.servlet.WebMvcAutoConfiguration, org.springframework.boot.test.autoconfigure.web.servlet.MockMvcAutoConfiguration, org.springframework.boot.test.autoconfigure.web.servlet.MockMvcSecurityAutoConfiguration, org.springframework.boot.test.autoconfigure.web.servlet.MockMvcWebClientAutoConfiguration, org.springframework.boot.test.autoconfigure.web.servlet.MockMvcWebDriverAutoConfiguration]], org.springframework.boot.test.context.filter.ExcludeFilterContextCustomizer@2a681b35, org.springframework.boot.test.json.DuplicateJsonObjectContextCustomizerFactory$DuplicateJsonObjectContextCustomizer@43d761b3, org.springframework.boot.test.mock.mockito.MockitoContextCustomizer@0], resourceBasePath = 'src/main/webapp', contextLoader = 'org.springframework.boot.test.context.SpringBootContextLoader', parent = [null]], attributes = map[[empty]]], class annotated with @DirtiesContext [false] with mode [null].
19:36:09.052 [Test worker] DEBUG org.springframework.test.annotation.ProfileValueUtils - Retrieved @ProfileValueSourceConfiguration [null] for test class [com.education.springboot.HelloControllerTest]
19:36:09.052 [Test worker] DEBUG org.springframework.test.annotation.ProfileValueUtils - Retrieved ProfileValueSource type [class org.springframework.test.annotation.SystemProfileValueSource] for class [com.education.springboot.HelloControllerTest]
19:36:09.054 [Test worker] DEBUG org.springframework.test.context.support.DependencyInjectionTestExecutionListener - Performing dependency injection for test context [[DefaultTestContext@c37d8ef testClass = HelloControllerTest, testInstance = com.education.springboot.HelloControllerTest@56b6b0c5, testMethod = [null], testException = [null], mergedContextConfiguration = [WebMergedContextConfiguration@4df9a48c testClass = HelloControllerTest, locations = '{}', classes = '{class com.education.springboot.Application}', contextInitializerClasses = '[]', activeProfiles = '{}', propertySourceLocations = '{}', propertySourceProperties = '{org.springframework.boot.test.autoconfigure.web.servlet.WebMvcTestContextBootstrapper=true}', contextCustomizers = set[org.springframework.boot.test.autoconfigure.OverrideAutoConfigurationContextCustomizerFactory$DisableAutoConfigurationContextCustomizer@37a8616d, org.springframework.boot.test.autoconfigure.filter.TypeExcludeFiltersContextCustomizer@b07c0421, org.springframework.boot.test.autoconfigure.properties.PropertyMappingContextCustomizer@d680f652, org.springframework.boot.test.autoconfigure.web.servlet.WebDriverContextCustomizerFactory$Customizer@5bbdd581, [ImportsContextCustomizer@1093d9ba key = [org.springframework.boot.autoconfigure.cache.CacheAutoConfiguration, org.springframework.boot.autoconfigure.context.MessageSourceAutoConfiguration, org.springframework.boot.autoconfigure.data.web.SpringDataWebAutoConfiguration, org.springframework.boot.autoconfigure.freemarker.FreeMarkerAutoConfiguration, org.springframework.boot.autoconfigure.groovy.template.GroovyTemplateAutoConfiguration, org.springframework.boot.autoconfigure.gson.GsonAutoConfiguration, org.springframework.boot.autoconfigure.hateoas.HypermediaAutoConfiguration, org.springframework.boot.autoconfigure.http.HttpMessageConvertersAutoConfiguration, org.springframework.boot.autoconfigure.jackson.JacksonAutoConfiguration, org.springframework.boot.autoconfigure.jsonb.JsonbAutoConfiguration, org.springframework.boot.autoconfigure.mustache.MustacheAutoConfiguration, org.springframework.boot.autoconfigure.task.TaskExecutionAutoConfiguration, org.springframework.boot.autoconfigure.thymeleaf.ThymeleafAutoConfiguration, org.springframework.boot.autoconfigure.validation.ValidationAutoConfiguration, org.springframework.boot.autoconfigure.web.servlet.error.ErrorMvcAutoConfiguration, org.springframework.boot.autoconfigure.web.servlet.WebMvcAutoConfiguration, org.springframework.boot.test.autoconfigure.web.servlet.MockMvcAutoConfiguration, org.springframework.boot.test.autoconfigure.web.servlet.MockMvcSecurityAutoConfiguration, org.springframework.boot.test.autoconfigure.web.servlet.MockMvcWebClientAutoConfiguration, org.springframework.boot.test.autoconfigure.web.servlet.MockMvcWebDriverAutoConfiguration]], org.springframework.boot.test.context.filter.ExcludeFilterContextCustomizer@2a681b35, org.springframework.boot.test.json.DuplicateJsonObjectContextCustomizerFactory$DuplicateJsonObjectContextCustomizer@43d761b3, org.springframework.boot.test.mock.mockito.MockitoContextCustomizer@0], resourceBasePath = 'src/main/webapp', contextLoader = 'org.springframework.boot.test.context.SpringBootContextLoader', parent = [null]], attributes = map[[empty]]]].
19:36:09.096 [Test worker] DEBUG org.springframework.test.context.support.TestPropertySourceUtils - Adding inlined properties to environment: {spring.jmx.enabled=false, org.springframework.boot.test.autoconfigure.web.servlet.WebMvcTestContextBootstrapper=true, server.port=-1}

  .   ____          _            __ _ _
 /\\ / ___'_ __ _ _(_)_ __  __ _ \ \ \ \
( ( )\___ | '_ | '_| | '_ \/ _` | \ \ \ \
 \\/  ___)| |_)| | | | | || (_| |  ) ) ) )
  '  |____| .__|_| |_|_| |_\__, | / / / /
 =========|_|==============|___/=/_/_/_/
 :: Spring Boot ::        (v2.1.7.RELEASE)

2022-08-06 19:36:09.395  INFO 6970 --- [    Test worker] c.e.springboot.HelloControllerTest       : Starting HelloControllerTest on sinjemin-ui-MacBookAir.local with PID 6970 (started by sinjemin in /Users/sinjemin/Documents/GitHub/springboot-webservice-study)
2022-08-06 19:36:09.395  INFO 6970 --- [    Test worker] c.e.springboot.HelloControllerTest       : The following profiles are active: oauth
2022-08-06 19:36:09.856  INFO 6970 --- [    Test worker] o.s.s.concurrent.ThreadPoolTaskExecutor  : Initializing ExecutorService 'applicationTaskExecutor'
2022-08-06 19:36:09.892  INFO 6970 --- [    Test worker] o.s.b.a.w.s.WelcomePageHandlerMapping    : Adding welcome page template: index
2022-08-06 19:36:10.025  INFO 6970 --- [    Test worker] .s.s.UserDetailsServiceAutoConfiguration : 

Using generated security password: 17b35278-3ee7-4d46-9b0a-e4a7928527d4

2022-08-06 19:36:10.117  INFO 6970 --- [    Test worker] o.s.s.web.DefaultSecurityFilterChain     : Creating filter chain: any request, [org.springframework.security.web.context.request.async.WebAsyncManagerIntegrationFilter@60e8c33f, org.springframework.security.web.context.SecurityContextPersistenceFilter@33b44a56, org.springframework.security.web.header.HeaderWriterFilter@d3f5e38, org.springframework.security.web.csrf.CsrfFilter@73959dcf, org.springframework.security.web.authentication.logout.LogoutFilter@349be698, org.springframework.security.web.authentication.UsernamePasswordAuthenticationFilter@36aebb89, org.springframework.security.web.authentication.ui.DefaultLoginPageGeneratingFilter@46cf614b, org.springframework.security.web.authentication.ui.DefaultLogoutPageGeneratingFilter@52f67771, org.springframework.security.web.authentication.www.BasicAuthenticationFilter@7f6f07a6, org.springframework.security.web.savedrequest.RequestCacheAwareFilter@62d3883a, org.springframework.security.web.servletapi.SecurityContextHolderAwareRequestFilter@51649290, org.springframework.security.web.authentication.AnonymousAuthenticationFilter@35b3142, org.springframework.security.web.session.SessionManagementFilter@2cda05a5, org.springframework.security.web.access.ExceptionTranslationFilter@6c233fe8, org.springframework.security.web.access.intercept.FilterSecurityInterceptor@223d2ca6]
2022-08-06 19:36:10.136  INFO 6970 --- [    Test worker] o.s.b.t.m.w.SpringBootMockServletContext : Initializing Spring TestDispatcherServlet ''
2022-08-06 19:36:10.136  INFO 6970 --- [    Test worker] o.s.t.web.servlet.TestDispatcherServlet  : Initializing Servlet ''
2022-08-06 19:36:10.142  INFO 6970 --- [    Test worker] o.s.t.web.servlet.TestDispatcherServlet  : Completed initialization in 6 ms
2022-08-06 19:36:10.159  INFO 6970 --- [    Test worker] c.e.springboot.HelloControllerTest       : Started HelloControllerTest in 1.059 seconds (JVM running for 1.405)
]]></system-out>
  <system-err><![CDATA[]]></system-err>
</testsuite>
