<?xml version="1.0" encoding="UTF-8"?>
<testsuite name="com.education.springboot.HelloControllerTest" tests="2" skipped="0" failures="0" errors="0" timestamp="2022-08-15T13:22:49" hostname="sinjemin-ui-MacBookAir.local" time="0.023">
  <properties/>
  <testcase name="hello가_리턴된다" classname="com.education.springboot.HelloControllerTest" time="0.006"/>
  <testcase name="helloDto가_리턴된다" classname="com.education.springboot.HelloControllerTest" time="0.016"/>
  <system-out><![CDATA[2022-08-15 22:22:49.289  INFO 27774 --- [    Test worker] .b.t.a.w.s.WebMvcTestContextBootstrapper : Neither @ContextConfiguration nor @ContextHierarchy found for test class [com.education.springboot.HelloControllerTest], using SpringBootContextLoader
2022-08-15 22:22:49.290  INFO 27774 --- [    Test worker] o.s.t.c.support.AbstractContextLoader    : Could not detect default resource locations for test class [com.education.springboot.HelloControllerTest]: no resource found for suffixes {-context.xml, Context.groovy}.
2022-08-15 22:22:49.290  INFO 27774 --- [    Test worker] t.c.s.AnnotationConfigContextLoaderUtils : Could not detect default configuration classes for test class [com.education.springboot.HelloControllerTest]: HelloControllerTest does not declare any static, non-private, non-final, nested classes annotated with @Configuration.
2022-08-15 22:22:49.303  INFO 27774 --- [    Test worker] .b.t.c.SpringBootTestContextBootstrapper : Found @SpringBootConfiguration com.education.springboot.Application for test class com.education.springboot.HelloControllerTest
2022-08-15 22:22:49.303  INFO 27774 --- [    Test worker] .b.t.a.w.s.WebMvcTestContextBootstrapper : Loaded default TestExecutionListener class names from location [META-INF/spring.factories]: [org.springframework.security.test.context.support.WithSecurityContextTestExecutionListener, org.springframework.security.test.context.support.ReactorContextTestExecutionListener, org.springframework.boot.test.autoconfigure.restdocs.RestDocsTestExecutionListener, org.springframework.boot.test.autoconfigure.web.client.MockRestServiceServerResetTestExecutionListener, org.springframework.boot.test.autoconfigure.web.servlet.MockMvcPrintOnlyOnFailureTestExecutionListener, org.springframework.boot.test.autoconfigure.web.servlet.WebDriverTestExecutionListener, org.springframework.boot.test.mock.mockito.MockitoTestExecutionListener, org.springframework.boot.test.mock.mockito.ResetMocksTestExecutionListener, org.springframework.test.context.web.ServletTestExecutionListener, org.springframework.test.context.support.DirtiesContextBeforeModesTestExecutionListener, org.springframework.test.context.support.DependencyInjectionTestExecutionListener, org.springframework.test.context.support.DirtiesContextTestExecutionListener, org.springframework.test.context.transaction.TransactionalTestExecutionListener, org.springframework.test.context.jdbc.SqlScriptsTestExecutionListener]
2022-08-15 22:22:49.304  INFO 27774 --- [    Test worker] .b.t.a.w.s.WebMvcTestContextBootstrapper : Using TestExecutionListeners: [org.springframework.test.context.web.ServletTestExecutionListener@1f4f995b, org.springframework.test.context.support.DirtiesContextBeforeModesTestExecutionListener@2b692d0e, org.springframework.boot.test.mock.mockito.MockitoTestExecutionListener@25d5151a, org.springframework.boot.test.autoconfigure.SpringBootDependencyInjectionTestExecutionListener@617ffbad, org.springframework.test.context.support.DirtiesContextTestExecutionListener@2993398, org.springframework.test.context.transaction.TransactionalTestExecutionListener@60fa6f98, org.springframework.test.context.jdbc.SqlScriptsTestExecutionListener@6d0adb58, org.springframework.security.test.context.support.WithSecurityContextTestExecutionListener@7336f7c7, org.springframework.security.test.context.support.ReactorContextTestExecutionListener@38f80fca, org.springframework.boot.test.autoconfigure.restdocs.RestDocsTestExecutionListener@bcd31e2, org.springframework.boot.test.autoconfigure.web.client.MockRestServiceServerResetTestExecutionListener@30a6fbd8, org.springframework.boot.test.autoconfigure.web.servlet.MockMvcPrintOnlyOnFailureTestExecutionListener@74eaaac4, org.springframework.boot.test.autoconfigure.web.servlet.WebDriverTestExecutionListener@c147dcc, org.springframework.boot.test.mock.mockito.ResetMocksTestExecutionListener@6e341f8d]

  .   ____          _            __ _ _
 /\\ / ___'_ __ _ _(_)_ __  __ _ \ \ \ \
( ( )\___ | '_ | '_| | '_ \/ _` | \ \ \ \
 \\/  ___)| |_)| | | | | || (_| |  ) ) ) )
  '  |____| .__|_| |_|_| |_\__, | / / / /
 =========|_|==============|___/=/_/_/_/
 :: Spring Boot ::        (v2.1.7.RELEASE)

2022-08-15 22:22:49.318  INFO 27774 --- [    Test worker] c.e.springboot.HelloControllerTest       : Starting HelloControllerTest on sinjemin-ui-MacBookAir.local with PID 27774 (started by sinjemin in /Users/sinjemin/Documents/GitHub/springboot-webservice-study)
2022-08-15 22:22:49.318  INFO 27774 --- [    Test worker] c.e.springboot.HelloControllerTest       : The following profiles are active: oauth
2022-08-15 22:22:49.458  INFO 27774 --- [    Test worker] o.s.s.concurrent.ThreadPoolTaskExecutor  : Initializing ExecutorService 'applicationTaskExecutor'
2022-08-15 22:22:49.469  INFO 27774 --- [    Test worker] o.s.b.a.w.s.WelcomePageHandlerMapping    : Adding welcome page template: index
2022-08-15 22:22:49.525  INFO 27774 --- [    Test worker] .s.s.UserDetailsServiceAutoConfiguration : 

Using generated security password: 5220da83-ac76-4d0a-a2fa-23d3c0f2daeb

2022-08-15 22:22:49.566  INFO 27774 --- [    Test worker] o.s.s.web.DefaultSecurityFilterChain     : Creating filter chain: any request, [org.springframework.security.web.context.request.async.WebAsyncManagerIntegrationFilter@db3ea0a, org.springframework.security.web.context.SecurityContextPersistenceFilter@f954ba2, org.springframework.security.web.header.HeaderWriterFilter@6041b28a, org.springframework.security.web.csrf.CsrfFilter@351fd4b7, org.springframework.security.web.authentication.logout.LogoutFilter@ef5873c, org.springframework.security.web.authentication.UsernamePasswordAuthenticationFilter@597a75e8, org.springframework.security.web.authentication.ui.DefaultLoginPageGeneratingFilter@77525fe, org.springframework.security.web.authentication.ui.DefaultLogoutPageGeneratingFilter@3ab11b5c, org.springframework.security.web.authentication.www.BasicAuthenticationFilter@19c553ac, org.springframework.security.web.savedrequest.RequestCacheAwareFilter@42974dd8, org.springframework.security.web.servletapi.SecurityContextHolderAwareRequestFilter@2f2f62e2, org.springframework.security.web.authentication.AnonymousAuthenticationFilter@9da7795, org.springframework.security.web.session.SessionManagementFilter@2bb06859, org.springframework.security.web.access.ExceptionTranslationFilter@389d8d0, org.springframework.security.web.access.intercept.FilterSecurityInterceptor@719de543]
2022-08-15 22:22:49.571  INFO 27774 --- [    Test worker] o.s.b.t.m.w.SpringBootMockServletContext : Initializing Spring TestDispatcherServlet ''
2022-08-15 22:22:49.571  INFO 27774 --- [    Test worker] o.s.t.web.servlet.TestDispatcherServlet  : Initializing Servlet ''
2022-08-15 22:22:49.575  INFO 27774 --- [    Test worker] o.s.t.web.servlet.TestDispatcherServlet  : Completed initialization in 4 ms
2022-08-15 22:22:49.584  INFO 27774 --- [    Test worker] c.e.springboot.HelloControllerTest       : Started HelloControllerTest in 0.279 seconds (JVM running for 4.203)
]]></system-out>
  <system-err><![CDATA[]]></system-err>
</testsuite>
