<?xml version="1.0" encoding="UTF-8"?>
<testsuite name="com.education.springboot.dto.HelloResponseDtoTest" tests="1" skipped="0" failures="0" errors="0" timestamp="2022-08-15T13:22:45" hostname="sinjemin-ui-MacBookAir.local" time="0.022">
  <properties/>
  <testcase name="롬복_기능_테스트" classname="com.education.springboot.dto.HelloResponseDtoTest" time="0.022"/>
  <system-out><![CDATA[]]></system-out>
  <system-err><![CDATA[]]></system-err>
</testsuite>
