<?xml version="1.0" encoding="UTF-8"?>
<testsuite name="com.education.springboot.web.IndexControllerTest" tests="1" skipped="0" failures="0" errors="0" timestamp="2022-08-06T10:36:12" hostname="sinjemin-ui-MacBookAir.local" time="0.097">
  <properties/>
  <testcase name="메인페이지_로딩" classname="com.education.springboot.web.IndexControllerTest" time="0.097"/>
  <system-out><![CDATA[2022-08-06 19:36:10.294  INFO 6970 --- [    Test worker] .b.t.c.SpringBootTestContextBootstrapper : Neither @ContextConfiguration nor @ContextHierarchy found for test class [com.education.springboot.web.IndexControllerTest], using SpringBootContextLoader
2022-08-06 19:36:10.294  INFO 6970 --- [    Test worker] o.s.t.c.support.AbstractContextLoader    : Could not detect default resource locations for test class [com.education.springboot.web.IndexControllerTest]: no resource found for suffixes {-context.xml, Context.groovy}.
2022-08-06 19:36:10.295  INFO 6970 --- [    Test worker] t.c.s.AnnotationConfigContextLoaderUtils : Could not detect default configuration classes for test class [com.education.springboot.web.IndexControllerTest]: IndexControllerTest does not declare any static, non-private, non-final, nested classes annotated with @Configuration.
2022-08-06 19:36:10.298  INFO 6970 --- [    Test worker] .b.t.c.SpringBootTestContextBootstrapper : Found @SpringBootConfiguration com.education.springboot.Application for test class com.education.springboot.web.IndexControllerTest
2022-08-06 19:36:10.298  INFO 6970 --- [    Test worker] .b.t.c.SpringBootTestContextBootstrapper : Loaded default TestExecutionListener class names from location [META-INF/spring.factories]: [org.springframework.security.test.context.support.WithSecurityContextTestExecutionListener, org.springframework.security.test.context.support.ReactorContextTestExecutionListener, org.springframework.boot.test.autoconfigure.restdocs.RestDocsTestExecutionListener, org.springframework.boot.test.autoconfigure.web.client.MockRestServiceServerResetTestExecutionListener, org.springframework.boot.test.autoconfigure.web.servlet.MockMvcPrintOnlyOnFailureTestExecutionListener, org.springframework.boot.test.autoconfigure.web.servlet.WebDriverTestExecutionListener, org.springframework.boot.test.mock.mockito.MockitoTestExecutionListener, org.springframework.boot.test.mock.mockito.ResetMocksTestExecutionListener, org.springframework.test.context.web.ServletTestExecutionListener, org.springframework.test.context.support.DirtiesContextBeforeModesTestExecutionListener, org.springframework.test.context.support.DependencyInjectionTestExecutionListener, org.springframework.test.context.support.DirtiesContextTestExecutionListener, org.springframework.test.context.transaction.TransactionalTestExecutionListener, org.springframework.test.context.jdbc.SqlScriptsTestExecutionListener]
2022-08-06 19:36:10.299  INFO 6970 --- [    Test worker] .b.t.c.SpringBootTestContextBootstrapper : Using TestExecutionListeners: [org.springframework.test.context.web.ServletTestExecutionListener@2666d88b, org.springframework.test.context.support.DirtiesContextBeforeModesTestExecutionListener@9ab266d, org.springframework.boot.test.mock.mockito.MockitoTestExecutionListener@7d256a43, org.springframework.boot.test.autoconfigure.SpringBootDependencyInjectionTestExecutionListener@829db88, org.springframework.test.context.support.DirtiesContextTestExecutionListener@181bf886, org.springframework.test.context.transaction.TransactionalTestExecutionListener@48533da6, org.springframework.test.context.jdbc.SqlScriptsTestExecutionListener@1e72319d, org.springframework.security.test.context.support.WithSecurityContextTestExecutionListener@58c15c40, org.springframework.security.test.context.support.ReactorContextTestExecutionListener@1f594016, org.springframework.boot.test.autoconfigure.restdocs.RestDocsTestExecutionListener@4e36f056, org.springframework.boot.test.autoconfigure.web.client.MockRestServiceServerResetTestExecutionListener@4147ced4, org.springframework.boot.test.autoconfigure.web.servlet.MockMvcPrintOnlyOnFailureTestExecutionListener@1336b9e0, org.springframework.boot.test.autoconfigure.web.servlet.WebDriverTestExecutionListener@46ba1260, org.springframework.boot.test.mock.mockito.ResetMocksTestExecutionListener@3f77fea1]

  .   ____          _            __ _ _
 /\\ / ___'_ __ _ _(_)_ __  __ _ \ \ \ \
( ( )\___ | '_ | '_| | '_ \/ _` | \ \ \ \
 \\/  ___)| |_)| | | | | || (_| |  ) ) ) )
  '  |____| .__|_| |_|_| |_\__, | / / / /
 =========|_|==============|___/=/_/_/_/
 :: Spring Boot ::        (v2.1.7.RELEASE)

2022-08-06 19:36:10.310  INFO 6970 --- [    Test worker] c.e.springboot.web.IndexControllerTest   : Starting IndexControllerTest on sinjemin-ui-MacBookAir.local with PID 6970 (started by sinjemin in /Users/sinjemin/Documents/GitHub/springboot-webservice-study)
2022-08-06 19:36:10.311  INFO 6970 --- [    Test worker] c.e.springboot.web.IndexControllerTest   : The following profiles are active: oauth
2022-08-06 19:36:10.452  INFO 6970 --- [    Test worker] .s.d.r.c.RepositoryConfigurationDelegate : Bootstrapping Spring Data repositories in DEFAULT mode.
2022-08-06 19:36:10.477  INFO 6970 --- [    Test worker] .s.d.r.c.RepositoryConfigurationDelegate : Finished Spring Data repository scanning in 22ms. Found 2 repository interfaces.
2022-08-06 19:36:10.585  INFO 6970 --- [    Test worker] trationDelegate$BeanPostProcessorChecker : Bean 'org.springframework.transaction.annotation.ProxyTransactionManagementConfiguration' of type [org.springframework.transaction.annotation.ProxyTransactionManagementConfiguration$$EnhancerBySpringCGLIB$$d0d30e1a] is not eligible for getting processed by all BeanPostProcessors (for example: not eligible for auto-proxying)
2022-08-06 19:36:10.701  INFO 6970 --- [    Test worker] o.s.b.w.embedded.tomcat.TomcatWebServer  : Tomcat initialized with port(s): 0 (http)
2022-08-06 19:36:10.712  INFO 6970 --- [    Test worker] o.apache.catalina.core.StandardService   : Starting service [Tomcat]
2022-08-06 19:36:10.713  INFO 6970 --- [    Test worker] org.apache.catalina.core.StandardEngine  : Starting Servlet engine: [Apache Tomcat/9.0.22]
2022-08-06 19:36:10.762  INFO 6970 --- [    Test worker] o.a.c.c.C.[Tomcat].[localhost].[/]       : Initializing Spring embedded WebApplicationContext
2022-08-06 19:36:10.762  INFO 6970 --- [    Test worker] o.s.web.context.ContextLoader            : Root WebApplicationContext: initialization completed in 451 ms
2022-08-06 19:36:10.843  INFO 6970 --- [    Test worker] com.zaxxer.hikari.HikariDataSource       : HikariPool-1 - Starting...
2022-08-06 19:36:10.908  INFO 6970 --- [    Test worker] com.zaxxer.hikari.HikariDataSource       : HikariPool-1 - Start completed.
2022-08-06 19:36:10.945  INFO 6970 --- [    Test worker] o.hibernate.jpa.internal.util.LogHelper  : HHH000204: Processing PersistenceUnitInfo [
	name: default
	...]
2022-08-06 19:36:10.971  INFO 6970 --- [    Test worker] org.hibernate.Version                    : HHH000412: Hibernate Core {5.3.10.Final}
2022-08-06 19:36:10.972  INFO 6970 --- [    Test worker] org.hibernate.cfg.Environment            : HHH000206: hibernate.properties not found
2022-08-06 19:36:10.992  INFO 6970 --- [    Test worker] o.hibernate.annotations.common.Version   : HCANN000001: Hibernate Commons Annotations {5.0.4.Final}
2022-08-06 19:36:11.065  INFO 6970 --- [    Test worker] org.hibernate.dialect.Dialect            : HHH000400: Using dialect: org.hibernate.dialect.MySQL5InnoDBDialect
Hibernate: drop table if exists posts
Hibernate: drop table if exists user
Hibernate: create table posts (id bigint not null auto_increment, created_date datetime, modified_date datetime, author varchar(255), content TEXT not null, title varchar(500) not null, primary key (id)) engine=InnoDB
Hibernate: create table user (id bigint not null auto_increment, created_date datetime, modified_date datetime, email varchar(255) not null, name varchar(255) not null, picture varchar(255), role varchar(255) not null, primary key (id)) engine=InnoDB
2022-08-06 19:36:11.453  INFO 6970 --- [    Test worker] o.h.t.schema.internal.SchemaCreatorImpl  : HHH000476: Executing import script 'org.hibernate.tool.schema.internal.exec.ScriptSourceInputNonExistentImpl@31382e5'
2022-08-06 19:36:11.455  INFO 6970 --- [    Test worker] j.LocalContainerEntityManagerFactoryBean : Initialized JPA EntityManagerFactory for persistence unit 'default'
2022-08-06 19:36:11.716  INFO 6970 --- [    Test worker] o.h.h.i.QueryTranslatorFactoryInitiator  : HHH000397: Using ASTQueryTranslatorFactory
2022-08-06 19:36:11.838  INFO 6970 --- [    Test worker] o.s.s.web.DefaultSecurityFilterChain     : Creating filter chain: any request, [org.springframework.security.web.context.request.async.WebAsyncManagerIntegrationFilter@4973ae3c, org.springframework.security.web.context.SecurityContextPersistenceFilter@9f188c, org.springframework.security.web.header.HeaderWriterFilter@134389e8, org.springframework.security.web.authentication.logout.LogoutFilter@5c37956b, org.springframework.security.oauth2.client.web.OAuth2AuthorizationRequestRedirectFilter@21260603, org.springframework.security.oauth2.client.web.OAuth2LoginAuthenticationFilter@602352d2, org.springframework.security.web.authentication.ui.DefaultLoginPageGeneratingFilter@2414a21d, org.springframework.security.web.authentication.ui.DefaultLogoutPageGeneratingFilter@40034fa5, org.springframework.security.web.savedrequest.RequestCacheAwareFilter@4f9a0330, org.springframework.security.web.servletapi.SecurityContextHolderAwareRequestFilter@4099dfe2, org.springframework.security.web.authentication.AnonymousAuthenticationFilter@3a4c20b5, org.springframework.security.web.session.SessionManagementFilter@308a8c60, org.springframework.security.web.access.ExceptionTranslationFilter@66c531ee, org.springframework.security.web.access.intercept.FilterSecurityInterceptor@3435b33a]
2022-08-06 19:36:11.904  INFO 6970 --- [    Test worker] o.s.s.concurrent.ThreadPoolTaskExecutor  : Initializing ExecutorService 'applicationTaskExecutor'
2022-08-06 19:36:11.912  WARN 6970 --- [    Test worker] aWebConfiguration$JpaWebMvcConfiguration : spring.jpa.open-in-view is enabled by default. Therefore, database queries may be performed during view rendering. Explicitly configure spring.jpa.open-in-view to disable this warning
2022-08-06 19:36:11.925  INFO 6970 --- [    Test worker] o.s.b.a.w.s.WelcomePageHandlerMapping    : Adding welcome page template: index
2022-08-06 19:36:12.052  INFO 6970 --- [    Test worker] s.a.ScheduledAnnotationBeanPostProcessor : No TaskScheduler/ScheduledExecutorService bean found for scheduled processing
2022-08-06 19:36:12.063  INFO 6970 --- [    Test worker] o.s.b.w.embedded.tomcat.TomcatWebServer  : Tomcat started on port(s): 51194 (http) with context path ''
2022-08-06 19:36:12.063  INFO 6970 --- [    Test worker] c.e.springboot.web.IndexControllerTest   : Started IndexControllerTest in 1.764 seconds (JVM running for 3.309)
2022-08-06 19:36:12.108  INFO 6970 --- [o-auto-1-exec-1] o.a.c.c.C.[Tomcat].[localhost].[/]       : Initializing Spring DispatcherServlet 'dispatcherServlet'
2022-08-06 19:36:12.108  INFO 6970 --- [o-auto-1-exec-1] o.s.web.servlet.DispatcherServlet        : Initializing Servlet 'dispatcherServlet'
2022-08-06 19:36:12.113  INFO 6970 --- [o-auto-1-exec-1] o.s.web.servlet.DispatcherServlet        : Completed initialization in 5 ms
Hibernate: select posts0_.id as id1_0_, posts0_.created_date as created_2_0_, posts0_.modified_date as modified3_0_, posts0_.author as author4_0_, posts0_.content as content5_0_, posts0_.title as title6_0_ from posts posts0_ order by posts0_.id DESC
]]></system-out>
  <system-err><![CDATA[]]></system-err>
</testsuite>
